<?xml version="1.0" encoding="UTF-8"?>
<!-- Generated by org.testng.reporters.JUnitReportReporter -->
<testsuite hostname="DESKTOP-OQ3P6LF" failures="0" tests="3" name="practiceTestNG.TestNGPractice" time="0.023" errors="0" timestamp="23 Oct 2024 02:15:26 GMT" skipped="0">
  <testcase classname="practiceTestNG.TestNGPractice" name="replyMail" time="0.004"/>
  <testcase classname="practiceTestNG.TestNGPractice" name="deleteMail" time="0.012"/>
  <testcase classname="practiceTestNG.TestNGPractice" name="sendMail" time="0.007"/>
</testsuite> <!-- practiceTestNG.TestNGPractice -->
