<?xml version="1.0" encoding="UTF-8"?>
<!-- Generated by org.testng.reporters.JUnitReportReporter -->
<testsuite hostname="DESKTOP-OQ3P6LF" failures="0" tests="2" name="practiceTestNG.SeleniumTestsFirefox" time="0.017" errors="0" timestamp="23 Oct 2024 02:09:52 GMT" skipped="0">
  <testcase classname="practiceTestNG.SeleniumTestsFirefox" name="replyToEmail" time="0.002"/>
  <testcase classname="practiceTestNG.SeleniumTestsFirefox" name="forwardToEmail" time="0.015"/>
</testsuite> <!-- practiceTestNG.SeleniumTestsFirefox -->
