<?xml version="1.0" encoding="UTF-8"?>
<!-- Generated by org.testng.reporters.JUnitReportReporter -->
<testsuite hostname="DESKTOP-OQ3P6LF" failures="0" tests="7" name="practiceTestNG.TestCasesWithoutPriority" time="0.045" errors="0" timestamp="23 Oct 2024 02:19:56 GMT" skipped="0">
  <testcase classname="practiceTestNG.TestCasesWithoutPriority" name="ktestCase_7" time="0.001"/>
  <testcase classname="practiceTestNG.TestCasesWithoutPriority" name="ktestCase_5" time="0.007"/>
  <testcase classname="practiceTestNG.TestCasesWithoutPriority" name="btestCase_3" time="0.006"/>
  <testcase classname="practiceTestNG.TestCasesWithoutPriority" name="ktestCase_6" time="0.001"/>
  <testcase classname="practiceTestNG.TestCasesWithoutPriority" name="atestCase_1" time="0.022"/>
  <testcase classname="practiceTestNG.TestCasesWithoutPriority" name="ktestCase_4" time="0.006"/>
  <testcase classname="practiceTestNG.TestCasesWithoutPriority" name="gtestCase_2" time="0.002"/>
</testsuite> <!-- practiceTestNG.TestCasesWithoutPriority -->
