<?xml version="1.0" encoding="UTF-8"?>
<!-- Generated by org.testng.reporters.JUnitReportReporter -->
<testsuite hostname="DESKTOP-OQ3P6LF" failures="0" tests="26" name="practiceTestNG.TestCasesWithPriority" time="0.173" errors="0" timestamp="23 Oct 2024 02:22:11 GMT" skipped="1">
  <testcase classname="practiceTestNG.TestCasesWithPriority" name="ktestCase_7" time="0.009"/>
  <testcase classname="practiceTestNG.TestCasesWithPriority" name="ktestCase_7" time="0.005"/>
  <testcase classname="practiceTestNG.TestCasesWithPriority" name="ktestCase_7" time="0.002"/>
  <testcase classname="practiceTestNG.TestCasesWithPriority" name="ktestCase_7" time="0.014"/>
  <testcase classname="practiceTestNG.TestCasesWithPriority" name="ktestCase_7" time="0.002"/>
  <testcase classname="practiceTestNG.TestCasesWithPriority" name="ktestCase_7" time="0.010"/>
  <testcase classname="practiceTestNG.TestCasesWithPriority" name="ktestCase_7" time="0.003"/>
  <testcase classname="practiceTestNG.TestCasesWithPriority" name="ktestCase_7" time="0.006"/>
  <testcase classname="practiceTestNG.TestCasesWithPriority" name="ktestCase_7" time="0.001"/>
  <testcase classname="practiceTestNG.TestCasesWithPriority" name="ktestCase_7" time="0.003"/>
  <testcase classname="practiceTestNG.TestCasesWithPriority" name="ktestCase_7" time="0.003"/>
  <testcase classname="practiceTestNG.TestCasesWithPriority" name="ktestCase_7" time="0.003"/>
  <testcase classname="practiceTestNG.TestCasesWithPriority" name="ktestCase_7" time="0.035"/>
  <testcase classname="practiceTestNG.TestCasesWithPriority" name="ktestCase_7" time="0.008"/>
  <testcase classname="practiceTestNG.TestCasesWithPriority" name="ktestCase_7" time="0.003"/>
  <testcase classname="practiceTestNG.TestCasesWithPriority" name="ktestCase_7" time="0.005"/>
  <testcase classname="practiceTestNG.TestCasesWithPriority" name="ktestCase_7" time="0.001"/>
  <testcase classname="practiceTestNG.TestCasesWithPriority" name="ktestCase_7" time="0.001"/>
  <testcase classname="practiceTestNG.TestCasesWithPriority" name="ktestCase_7" time="0.009"/>
  <testcase classname="practiceTestNG.TestCasesWithPriority" name="ktestCase_7" time="0.004"/>
  <testcase classname="practiceTestNG.TestCasesWithPriority" name="ktestCase_7" time="0.004"/>
  <testcase classname="practiceTestNG.TestCasesWithPriority" name="ktestCase_7" time="0.024"/>
  <testcase classname="practiceTestNG.TestCasesWithPriority" name="ktestCase_7" time="0.008"/>
  <testcase classname="practiceTestNG.TestCasesWithPriority" name="ktestCase_7" time="0.001"/>
  <testcase classname="practiceTestNG.TestCasesWithPriority" name="ktestCase_7" time="0.009"/>
  <testcase classname="practiceTestNG.TestCasesWithPriority" name="ktestCase_4">
    <skipped/>
  </testcase> <!-- ktestCase_4 -->
</testsuite> <!-- practiceTestNG.TestCasesWithPriority -->
