<?xml version="1.0" encoding="UTF-8"?>
<!-- Generated by org.testng.reporters.JUnitReportReporter -->
<testsuite hostname="DESKTOP-OQ3P6LF" failures="0" tests="2" name="practiceTestNG.SeleniumTestsChrome" time="0.025" errors="0" timestamp="23 Oct 2024 02:09:52 GMT" skipped="0">
  <testcase classname="practiceTestNG.SeleniumTestsChrome" name="forwardToEmail" time="0.021"/>
  <testcase classname="practiceTestNG.SeleniumTestsChrome" name="replyToEmail" time="0.004"/>
</testsuite> <!-- practiceTestNG.SeleniumTestsChrome -->
