<?xml version="1.0" encoding="UTF-8"?>
<!-- Generated by org.testng.reporters.JUnitReportReporter -->
<testsuite hostname="DESKTOP-OQ3P6LF" failures="0" tests="1" name="testSuites.TestBatches" time="44.386" errors="0" timestamp="23 Oct 2024 02:48:11 GMT" skipped="0">
  <testcase classname="testSuites.TestBatches" name="runUserChoice" time="44.386"/>
</testsuite> <!-- testSuites.TestBatches -->
