<?xml version="1.0" encoding="UTF-8"?>
<!-- Generated by org.testng.reporters.JUnitReportReporter -->
<testsuite hostname="DESKTOP-OQ3P6LF" failures="0" tests="2" name="practiceTestNG.PracticeTestNG" time="0.012" errors="0" timestamp="23 Oct 2024 02:12:44 GMT" skipped="0">
  <testcase classname="practiceTestNG.PracticeTestNG" name="bookFlight" time="0.007"/>
  <testcase classname="practiceTestNG.PracticeTestNG" name="bookCar" time="0.005"/>
</testsuite> <!-- practiceTestNG.PracticeTestNG -->
